<?xml version="1.0" encoding="UTF-8"?>
<testng-results ignored="0" total="1" passed="1" failed="0" skipped="0">
  <reporter-output>
  </reporter-output>
  <suite started-at="2022-02-18T13:50:12 IST" name="Default suite" finished-at="2022-02-18T13:50:12 IST" duration-ms="103">
    <groups>
    </groups>
    <test started-at="2022-02-18T13:50:12 IST" name="Default test" finished-at="2022-02-18T13:50:12 IST" duration-ms="103">
      <class name="com.sauceDemo.POMClasses.test">
        <test-method signature="m1()[pri:0, instance:com.sauceDemo.POMClasses.test@4efc180e]" started-at="2022-02-18T13:50:12 IST" name="m1" finished-at="2022-02-18T13:50:12 IST" duration-ms="17" status="PASS">
          <reporter-output>
          </reporter-output>
        </test-method> <!-- m1 -->
      </class> <!-- com.sauceDemo.POMClasses.test -->
    </test> <!-- Default test -->
  </suite> <!-- Default suite -->
</testng-results>
